{"total": {"lines":{"total":263,"covered":263,"skipped":0,"pct":100},"statements":{"total":263,"covered":263,"skipped":0,"pct":100},"functions":{"total":20,"covered":20,"skipped":0,"pct":100},"branches":{"total":75,"covered":72,"skipped":0,"pct":96},"branchesTrue":{"total":0,"covered":0,"skipped":0,"pct":"Unknown"}}
,"/Users/loknathkumarmishra/Documents/projects/begin-app/app/web/src/lib/store.ts": {"lines":{"total":115,"covered":115,"skipped":0,"pct":100},"functions":{"total":7,"covered":7,"skipped":0,"pct":100},"statements":{"total":115,"covered":115,"skipped":0,"pct":100},"branches":{"total":34,"covered":31,"skipped":0,"pct":91.17}}
,"/Users/loknathkumarmishra/Documents/projects/begin-app/app/web/src/lib/utils.ts": {"lines":{"total":148,"covered":148,"skipped":0,"pct":100},"functions":{"total":13,"covered":13,"skipped":0,"pct":100},"statements":{"total":148,"covered":148,"skipped":0,"pct":100},"branches":{"total":41,"covered":41,"skipped":0,"pct":100}}
}
