TN:
SF:src/lib/store.ts
FN:31,generateId
FN:50,loadState
FN:74,saveState
FN:79,getHabitStabilityScore
FN:104,setState
FN:110,getMemoryState
FN:117,useAppStore
FNF:7
FNH:7
FNDA:3,generateId
FNDA:5,loadState
FNDA:13,saveState
FNDA:3,getHabitStabilityScore
FNDA:12,setState
FNDA:1,getMemoryState
FNDA:1,useAppStore
DA:1,1
DA:2,1
DA:3,1
DA:4,1
DA:5,1
DA:6,1
DA:7,1
DA:8,1
DA:9,1
DA:10,1
DA:11,1
DA:12,1
DA:13,1
DA:14,1
DA:15,1
DA:16,1
DA:17,1
DA:18,1
DA:19,1
DA:20,1
DA:21,1
DA:22,1
DA:23,1
DA:24,1
DA:25,1
DA:26,1
DA:27,1
DA:28,1
DA:29,1
DA:30,1
DA:31,1
DA:32,3
DA:33,1
DA:34,1
DA:35,2
DA:36,3
DA:37,1
DA:38,1
DA:39,1
DA:40,1
DA:41,1
DA:42,1
DA:43,1
DA:44,1
DA:45,1
DA:46,1
DA:47,1
DA:48,1
DA:49,1
DA:50,1
DA:51,5
DA:52,5
DA:53,5
DA:54,5
DA:55,5
DA:56,5
DA:57,5
DA:58,3
DA:59,2
DA:60,2
DA:61,2
DA:62,2
DA:63,2
DA:64,1
DA:65,1
DA:66,3
DA:67,1
DA:68,5
DA:69,5
DA:70,1
DA:71,1
DA:72,5
DA:73,1
DA:74,1
DA:75,13
DA:76,13
DA:77,13
DA:78,1
DA:79,1
DA:80,3
DA:81,3
DA:82,3
DA:83,3
DA:84,3
DA:85,3
DA:86,3
DA:87,7
DA:88,7
DA:89,3
DA:90,3
DA:91,3
DA:92,3
DA:93,7
DA:94,7
DA:95,1
DA:96,1
DA:97,1
DA:98,1
DA:99,7
DA:100,7
DA:101,7
DA:102,7
DA:103,1
DA:104,1
DA:105,12
DA:106,12
DA:107,12
DA:108,12
DA:109,1
DA:110,1
DA:111,1
DA:112,1
DA:113,1
DA:114,1
DA:115,1
LF:115
LH:115
BRDA:31,0,0,3
BRDA:32,1,0,2
BRDA:32,2,0,1
BRDA:34,3,0,2
BRDA:36,4,0,1
BRDA:36,5,0,1
BRDA:42,6,0,16
BRDA:50,7,0,5
BRDA:51,8,0,0
BRDA:54,9,0,0
BRDA:56,10,0,3
BRDA:56,11,0,1
BRDA:57,12,0,3
BRDA:66,13,0,1
BRDA:69,14,0,1
BRDA:58,15,0,2
BRDA:61,16,0,1
BRDA:61,17,0,1
BRDA:63,18,0,1
BRDA:64,19,0,1
BRDA:74,20,0,13
BRDA:75,21,0,0
BRDA:79,22,0,3
BRDA:86,23,0,7
BRDA:88,24,0,4
BRDA:88,25,0,3
BRDA:93,26,0,1
BRDA:93,27,0,1
BRDA:93,28,0,2
BRDA:94,29,0,1
BRDA:94,30,0,1
BRDA:91,31,0,3
BRDA:104,32,0,12
BRDA:110,33,0,1
BRF:34
BRH:31
end_of_record
TN:
SF:src/lib/utils.ts
FN:4,cn
FN:8,formatDate
FN:12,getDayShort
FN:16,getDayKey
FN:69,getDailyQuote
FN:82,getScoreBasedLevel
FN:92,getAgeBasedMaxLevel
FN:100,getLevelName
FN:104,calculateLevel
FN:110,getHabitAgeInDays
FN:117,clamp
FN:121,getCompletionCount
FN:133,getPersona
FNF:13
FNH:13
FNDA:7,cn
FNDA:11,formatDate
FNDA:2,getDayShort
FNDA:9,getDayKey
FNDA:1,getDailyQuote
FNDA:7,getScoreBasedLevel
FNDA:7,getAgeBasedMaxLevel
FNDA:2,getLevelName
FNDA:2,calculateLevel
FNDA:1,getHabitAgeInDays
FNDA:6,clamp
FNDA:2,getCompletionCount
FNDA:4,getPersona
DA:1,1
DA:2,1
DA:3,1
DA:4,1
DA:5,7
DA:6,7
DA:7,1
DA:8,1
DA:9,11
DA:10,11
DA:11,1
DA:12,1
DA:13,2
DA:14,2
DA:15,1
DA:16,1
DA:17,9
DA:18,9
DA:19,1
DA:20,1
DA:21,1
DA:22,1
DA:23,1
DA:24,1
DA:25,1
DA:26,1
DA:27,1
DA:28,1
DA:29,1
DA:30,1
DA:31,1
DA:32,1
DA:33,1
DA:34,1
DA:35,1
DA:36,1
DA:37,1
DA:38,1
DA:39,1
DA:40,1
DA:41,1
DA:42,1
DA:43,1
DA:44,1
DA:45,1
DA:46,1
DA:47,1
DA:48,1
DA:49,1
DA:50,1
DA:51,1
DA:52,1
DA:53,1
DA:54,1
DA:55,1
DA:56,1
DA:57,1
DA:58,1
DA:59,1
DA:60,1
DA:61,1
DA:62,1
DA:63,1
DA:64,1
DA:65,1
DA:66,1
DA:67,1
DA:68,1
DA:69,1
DA:70,1
DA:71,1
DA:72,1
DA:73,1
DA:74,1
DA:75,1
DA:76,1
DA:77,1
DA:78,1
DA:79,1
DA:80,1
DA:81,1
DA:82,1
DA:83,7
DA:84,7
DA:85,7
DA:86,7
DA:87,1
DA:88,1
DA:89,1
DA:90,1
DA:91,1
DA:92,1
DA:93,7
DA:94,7
DA:95,7
DA:96,7
DA:97,2
DA:98,2
DA:99,1
DA:100,1
DA:101,2
DA:102,2
DA:103,1
DA:104,1
DA:105,2
DA:106,2
DA:107,2
DA:108,2
DA:109,1
DA:110,1
DA:111,1
DA:112,1
DA:113,1
DA:114,1
DA:115,1
DA:116,1
DA:117,1
DA:118,6
DA:119,6
DA:120,1
DA:121,1
DA:122,2
DA:123,2
DA:124,2
DA:125,2
DA:126,4
DA:127,4
DA:128,3
DA:129,2
DA:130,2
DA:131,2
DA:132,1
DA:133,1
DA:134,4
DA:135,3
DA:136,1
DA:137,4
DA:138,4
DA:139,1
DA:140,1
DA:141,4
DA:142,1
DA:143,1
DA:144,4
DA:145,1
DA:146,1
DA:147,1
DA:148,1
LF:148
LH:148
BRDA:4,0,0,7
BRDA:8,1,0,11
BRDA:12,2,0,2
BRDA:16,3,0,9
BRDA:69,4,0,1
BRDA:82,5,0,7
BRDA:83,6,0,2
BRDA:83,7,0,5
BRDA:84,8,0,1
BRDA:84,9,0,4
BRDA:85,10,0,1
BRDA:85,11,0,3
BRDA:86,12,0,2
BRDA:86,13,0,1
BRDA:92,14,0,7
BRDA:93,15,0,2
BRDA:93,16,0,5
BRDA:94,17,0,1
BRDA:94,18,0,4
BRDA:95,19,0,1
BRDA:95,20,0,3
BRDA:96,21,0,1
BRDA:96,22,0,2
BRDA:100,23,0,2
BRDA:101,24,0,1
BRDA:104,25,0,2
BRDA:110,26,0,1
BRDA:117,27,0,6
BRDA:121,28,0,2
BRDA:125,29,0,4
BRDA:127,30,0,3
BRDA:128,31,0,2
BRDA:133,32,0,4
BRDA:134,33,0,3
BRDA:135,34,0,1
BRDA:138,35,0,1
BRDA:140,36,0,3
BRDA:141,37,0,1
BRDA:143,38,0,2
BRDA:144,39,0,1
BRDA:135,40,0,12
BRF:41
BRH:41
end_of_record
